   1:				
   2:     -	0000          	        org 0x0000
   3:     -	0000          	init:
   4:    0+7	0000  3E00    	        LD A,0x00
   5:    7+14	0002  DD210030	        LD IX,0x3000
   6:   21+10	0006  010100  	        LD BC,0x01
   7:     -	0009          	loop1:
   8:   31+15	0009  DD09    	        ADD IX,BC
   9:   46+7+5	000B  30FC    	        JR NC, loop1
  10:     -	000D          	output:
  11:				        ;;LD A,B
  12:   53+11	000D  D320    	        OUT (0x20),A
  13:   64+7	000F  EEFF    	        XOR 0xFF
  14:				        ;;LD B,A
  15:   71+14	0011  DD210030	        LD IX,0x3000
  16:   85+12	0015  18F2    	        JR loop1



Statistics:

     3	passes
     0	jr promotions
     3	symbols
    23	bytes



Symbol Table:

init            00        0
loop1           09        9
output          0D        13
